<?xml version="1.0" encoding="UTF-8"?>
<!-- Generated by org.testng.reporters.JUnitXMLReporter -->
<testsuite ignored="0" hostname="Sakif" failures="0" tests="26" name="Command line test" time="14.829" errors="0" timestamp="2022-08-16T12:07:37 EDT">
  <testcase classname="com.test.ExceptionTimeOutTest" name="test1" time="0.0"/>
  <testcase classname="com.test.GoogleTest" name="googleTitleTest" time="0.007"/>
  <testcase classname="com.test.GoogleTest" name="gmailLinkTest" time="0.043"/>
  <testcase classname="com.test.GoogleTest" name="googleLogoTest" time="0.031"/>
  <testcase classname="com.test.GoogleTest" name="test1" time="0.001"/>
  <testcase classname="com.test.GoogleTest" name="test2" time="0.001"/>
  <testcase classname="com.test.GoogleTest" name="test3" time="0.0"/>
  <testcase classname="com.test.GoogleTitleTest" name="googleLogoTest" time="0.035"/>
  <testcase classname="com.test.GoogleTitleTest" name="googleTitleTest" time="0.006"/>
  <testcase classname="com.test.InvocationCountTest" name="sum" time="0.0"/>
  <testcase classname="com.test.InvocationCountTest" name="sum" time="0.002"/>
  <testcase classname="com.test.InvocationCountTest" name="sum" time="0.0"/>
  <testcase classname="com.test.InvocationCountTest" name="sum" time="0.0"/>
  <testcase classname="com.test.InvocationCountTest" name="sum" time="0.0"/>
  <testcase classname="com.test.InvocationCountTest" name="sum" time="0.0"/>
  <testcase classname="com.test.InvocationCountTest" name="sum" time="0.0"/>
  <testcase classname="com.test.InvocationCountTest" name="sum" time="0.0"/>
  <testcase classname="com.test.InvocationCountTest" name="sum" time="0.0"/>
  <testcase classname="com.test.InvocationCountTest" name="sum" time="0.0"/>
  <testcase classname="com.test.TestNgBasics" name="googleLogoTest" time="0.0"/>
  <testcase classname="com.test.TestNgBasics" name="googleTitleTest" time="0.0"/>
  <testcase classname="com.test.TestNgBasics" name="searchTest" time="0.0"/>
  <testcase classname="com.test.TestNgFeatures" name="loginTest" time="0.0"/>
  <testcase classname="com.test.TestNgFeatures" name="homePageTest" time="0.0"/>
  <testcase classname="com.test.TestNgFeatures" name="regPageTest" time="0.0"/>
  <testcase classname="com.test.TestNgFeatures" name="searchPageTest" time="0.0"/>
</testsuite> <!-- Command line test -->
