<?xml version="1.0" encoding="UTF-8"?>
<testng-results ignored="0" total="26" passed="26" failed="0" skipped="0">
  <reporter-output>
  </reporter-output>
  <suite started-at="2022-08-16T12:07:22 EDT" name="Command line suite" finished-at="2022-08-16T12:07:37 EDT" duration-ms="14829">
    <groups>
      <group name="Link Test">
        <method signature="GoogleTest.gmailLinkTest()[pri:2, instance:com.test.GoogleTest@568bf312]" name="gmailLinkTest" class="com.test.GoogleTest"/>
      </group> <!-- Link Test -->
      <group name="Test">
        <method signature="GoogleTest.test1()[pri:4, instance:com.test.GoogleTest@568bf312]" name="test1" class="com.test.GoogleTest"/>
        <method signature="GoogleTest.test2()[pri:5, instance:com.test.GoogleTest@568bf312]" name="test2" class="com.test.GoogleTest"/>
        <method signature="GoogleTest.test3()[pri:6, instance:com.test.GoogleTest@568bf312]" name="test3" class="com.test.GoogleTest"/>
      </group> <!-- Test -->
      <group name="Title">
        <method signature="GoogleTest.googleTitleTest()[pri:1, instance:com.test.GoogleTest@568bf312]" name="googleTitleTest" class="com.test.GoogleTest"/>
      </group> <!-- Title -->
      <group name="logo">
        <method signature="GoogleTest.googleLogoTest()[pri:3, instance:com.test.GoogleTest@568bf312]" name="googleLogoTest" class="com.test.GoogleTest"/>
      </group> <!-- logo -->
    </groups>
    <test started-at="2022-08-16T12:07:22 EDT" name="Command line test" finished-at="2022-08-16T12:07:37 EDT" duration-ms="14829">
      <class name="com.test.GoogleTest">
        <test-method is-config="true" signature="setUp()[pri:0, instance:com.test.GoogleTest@568bf312]" started-at="2022-08-16T12:07:22 EDT" name="setUp" finished-at="2022-08-16T12:07:24 EDT" duration-ms="2710" status="PASS">
          <reporter-output>
          </reporter-output>
        </test-method> <!-- setUp -->
        <test-method signature="googleTitleTest()[pri:1, instance:com.test.GoogleTest@568bf312]" started-at="2022-08-16T12:07:24 EDT" name="googleTitleTest" finished-at="2022-08-16T12:07:24 EDT" duration-ms="7" status="PASS">
          <reporter-output>
          </reporter-output>
        </test-method> <!-- googleTitleTest -->
        <test-method is-config="true" signature="tearDown()[pri:0, instance:com.test.GoogleTest@568bf312]" started-at="2022-08-16T12:07:24 EDT" name="tearDown" finished-at="2022-08-16T12:07:25 EDT" duration-ms="163" status="PASS">
          <reporter-output>
          </reporter-output>
        </test-method> <!-- tearDown -->
        <test-method is-config="true" signature="setUp()[pri:0, instance:com.test.GoogleTest@568bf312]" started-at="2022-08-16T12:07:25 EDT" name="setUp" finished-at="2022-08-16T12:07:26 EDT" duration-ms="1661" status="PASS">
          <reporter-output>
          </reporter-output>
        </test-method> <!-- setUp -->
        <test-method signature="gmailLinkTest()[pri:2, instance:com.test.GoogleTest@568bf312]" started-at="2022-08-16T12:07:26 EDT" name="gmailLinkTest" finished-at="2022-08-16T12:07:26 EDT" duration-ms="43" status="PASS">
          <reporter-output>
          </reporter-output>
        </test-method> <!-- gmailLinkTest -->
        <test-method is-config="true" signature="tearDown()[pri:0, instance:com.test.GoogleTest@568bf312]" started-at="2022-08-16T12:07:26 EDT" name="tearDown" finished-at="2022-08-16T12:07:26 EDT" duration-ms="136" status="PASS">
          <reporter-output>
          </reporter-output>
        </test-method> <!-- tearDown -->
        <test-method is-config="true" signature="setUp()[pri:0, instance:com.test.GoogleTest@568bf312]" started-at="2022-08-16T12:07:26 EDT" name="setUp" finished-at="2022-08-16T12:07:28 EDT" duration-ms="1617" status="PASS">
          <reporter-output>
          </reporter-output>
        </test-method> <!-- setUp -->
        <test-method signature="googleLogoTest()[pri:3, instance:com.test.GoogleTest@568bf312]" started-at="2022-08-16T12:07:28 EDT" name="googleLogoTest" finished-at="2022-08-16T12:07:28 EDT" duration-ms="31" status="PASS">
          <reporter-output>
          </reporter-output>
        </test-method> <!-- googleLogoTest -->
        <test-method is-config="true" signature="tearDown()[pri:0, instance:com.test.GoogleTest@568bf312]" started-at="2022-08-16T12:07:28 EDT" name="tearDown" finished-at="2022-08-16T12:07:28 EDT" duration-ms="122" status="PASS">
          <reporter-output>
          </reporter-output>
        </test-method> <!-- tearDown -->
        <test-method is-config="true" signature="setUp()[pri:0, instance:com.test.GoogleTest@568bf312]" started-at="2022-08-16T12:07:28 EDT" name="setUp" finished-at="2022-08-16T12:07:30 EDT" duration-ms="1574" status="PASS">
          <reporter-output>
          </reporter-output>
        </test-method> <!-- setUp -->
        <test-method signature="test1()[pri:4, instance:com.test.GoogleTest@568bf312]" started-at="2022-08-16T12:07:30 EDT" name="test1" finished-at="2022-08-16T12:07:30 EDT" duration-ms="1" status="PASS">
          <reporter-output>
          </reporter-output>
        </test-method> <!-- test1 -->
        <test-method is-config="true" signature="tearDown()[pri:0, instance:com.test.GoogleTest@568bf312]" started-at="2022-08-16T12:07:30 EDT" name="tearDown" finished-at="2022-08-16T12:07:30 EDT" duration-ms="119" status="PASS">
          <reporter-output>
          </reporter-output>
        </test-method> <!-- tearDown -->
        <test-method is-config="true" signature="setUp()[pri:0, instance:com.test.GoogleTest@568bf312]" started-at="2022-08-16T12:07:30 EDT" name="setUp" finished-at="2022-08-16T12:07:31 EDT" duration-ms="1454" status="PASS">
          <reporter-output>
          </reporter-output>
        </test-method> <!-- setUp -->
        <test-method signature="test2()[pri:5, instance:com.test.GoogleTest@568bf312]" started-at="2022-08-16T12:07:31 EDT" name="test2" finished-at="2022-08-16T12:07:31 EDT" duration-ms="1" status="PASS">
          <reporter-output>
          </reporter-output>
        </test-method> <!-- test2 -->
        <test-method is-config="true" signature="tearDown()[pri:0, instance:com.test.GoogleTest@568bf312]" started-at="2022-08-16T12:07:31 EDT" name="tearDown" finished-at="2022-08-16T12:07:31 EDT" duration-ms="124" status="PASS">
          <reporter-output>
          </reporter-output>
        </test-method> <!-- tearDown -->
        <test-method is-config="true" signature="setUp()[pri:0, instance:com.test.GoogleTest@568bf312]" started-at="2022-08-16T12:07:31 EDT" name="setUp" finished-at="2022-08-16T12:07:33 EDT" duration-ms="1597" status="PASS">
          <reporter-output>
          </reporter-output>
        </test-method> <!-- setUp -->
        <test-method signature="test3()[pri:6, instance:com.test.GoogleTest@568bf312]" started-at="2022-08-16T12:07:33 EDT" name="test3" finished-at="2022-08-16T12:07:33 EDT" duration-ms="0" status="PASS">
          <reporter-output>
          </reporter-output>
        </test-method> <!-- test3 -->
        <test-method is-config="true" signature="tearDown()[pri:0, instance:com.test.GoogleTest@568bf312]" started-at="2022-08-16T12:07:33 EDT" name="tearDown" finished-at="2022-08-16T12:07:33 EDT" duration-ms="135" status="PASS">
          <reporter-output>
          </reporter-output>
        </test-method> <!-- tearDown -->
      </class> <!-- com.test.GoogleTest -->
      <class name="com.test.GoogleTitleTest">
        <test-method is-config="true" signature="setUp()[pri:0, instance:com.test.GoogleTitleTest@17c386de]" started-at="2022-08-16T12:07:33 EDT" name="setUp" finished-at="2022-08-16T12:07:35 EDT" duration-ms="1456" status="PASS">
          <reporter-output>
          </reporter-output>
        </test-method> <!-- setUp -->
        <test-method signature="googleLogoTest()[pri:0, instance:com.test.GoogleTitleTest@17c386de]" started-at="2022-08-16T12:07:35 EDT" name="googleLogoTest" finished-at="2022-08-16T12:07:35 EDT" duration-ms="35" status="PASS">
          <reporter-output>
          </reporter-output>
        </test-method> <!-- googleLogoTest -->
        <test-method is-config="true" signature="tearDown()[pri:0, instance:com.test.GoogleTitleTest@17c386de]" started-at="2022-08-16T12:07:35 EDT" name="tearDown" finished-at="2022-08-16T12:07:35 EDT" duration-ms="162" status="PASS">
          <reporter-output>
          </reporter-output>
        </test-method> <!-- tearDown -->
        <test-method is-config="true" signature="setUp()[pri:0, instance:com.test.GoogleTitleTest@17c386de]" started-at="2022-08-16T12:07:35 EDT" name="setUp" finished-at="2022-08-16T12:07:36 EDT" duration-ms="1508" status="PASS">
          <reporter-output>
          </reporter-output>
        </test-method> <!-- setUp -->
        <test-method signature="googleTitleTest()[pri:0, instance:com.test.GoogleTitleTest@17c386de]" started-at="2022-08-16T12:07:36 EDT" name="googleTitleTest" finished-at="2022-08-16T12:07:36 EDT" duration-ms="6" status="PASS">
          <reporter-output>
          </reporter-output>
        </test-method> <!-- googleTitleTest -->
        <test-method is-config="true" signature="tearDown()[pri:0, instance:com.test.GoogleTitleTest@17c386de]" started-at="2022-08-16T12:07:36 EDT" name="tearDown" finished-at="2022-08-16T12:07:37 EDT" duration-ms="128" status="PASS">
          <reporter-output>
          </reporter-output>
        </test-method> <!-- tearDown -->
      </class> <!-- com.test.GoogleTitleTest -->
      <class name="com.test.InvocationCountTest">
        <test-method signature="sum()[pri:0, instance:com.test.InvocationCountTest@5af97850]" started-at="2022-08-16T12:07:37 EDT" name="sum" finished-at="2022-08-16T12:07:37 EDT" duration-ms="2" status="PASS">
          <reporter-output>
          </reporter-output>
        </test-method> <!-- sum -->
        <test-method signature="sum()[pri:0, instance:com.test.InvocationCountTest@5af97850]" started-at="2022-08-16T12:07:37 EDT" name="sum" finished-at="2022-08-16T12:07:37 EDT" duration-ms="0" status="PASS">
          <reporter-output>
          </reporter-output>
        </test-method> <!-- sum -->
        <test-method signature="sum()[pri:0, instance:com.test.InvocationCountTest@5af97850]" started-at="2022-08-16T12:07:37 EDT" name="sum" finished-at="2022-08-16T12:07:37 EDT" duration-ms="0" status="PASS">
          <reporter-output>
          </reporter-output>
        </test-method> <!-- sum -->
        <test-method signature="sum()[pri:0, instance:com.test.InvocationCountTest@5af97850]" started-at="2022-08-16T12:07:37 EDT" name="sum" finished-at="2022-08-16T12:07:37 EDT" duration-ms="0" status="PASS">
          <reporter-output>
          </reporter-output>
        </test-method> <!-- sum -->
        <test-method signature="sum()[pri:0, instance:com.test.InvocationCountTest@5af97850]" started-at="2022-08-16T12:07:37 EDT" name="sum" finished-at="2022-08-16T12:07:37 EDT" duration-ms="0" status="PASS">
          <reporter-output>
          </reporter-output>
        </test-method> <!-- sum -->
        <test-method signature="sum()[pri:0, instance:com.test.InvocationCountTest@5af97850]" started-at="2022-08-16T12:07:37 EDT" name="sum" finished-at="2022-08-16T12:07:37 EDT" duration-ms="0" status="PASS">
          <reporter-output>
          </reporter-output>
        </test-method> <!-- sum -->
        <test-method signature="sum()[pri:0, instance:com.test.InvocationCountTest@5af97850]" started-at="2022-08-16T12:07:37 EDT" name="sum" finished-at="2022-08-16T12:07:37 EDT" duration-ms="0" status="PASS">
          <reporter-output>
          </reporter-output>
        </test-method> <!-- sum -->
        <test-method signature="sum()[pri:0, instance:com.test.InvocationCountTest@5af97850]" started-at="2022-08-16T12:07:37 EDT" name="sum" finished-at="2022-08-16T12:07:37 EDT" duration-ms="0" status="PASS">
          <reporter-output>
          </reporter-output>
        </test-method> <!-- sum -->
        <test-method signature="sum()[pri:0, instance:com.test.InvocationCountTest@5af97850]" started-at="2022-08-16T12:07:37 EDT" name="sum" finished-at="2022-08-16T12:07:37 EDT" duration-ms="0" status="PASS">
          <reporter-output>
          </reporter-output>
        </test-method> <!-- sum -->
        <test-method signature="sum()[pri:0, instance:com.test.InvocationCountTest@5af97850]" started-at="2022-08-16T12:07:37 EDT" name="sum" finished-at="2022-08-16T12:07:37 EDT" duration-ms="0" status="PASS">
          <reporter-output>
          </reporter-output>
        </test-method> <!-- sum -->
      </class> <!-- com.test.InvocationCountTest -->
      <class name="com.test.TestNgFeatures">
        <test-method signature="loginTest()[pri:0, instance:com.test.TestNgFeatures@3ee0fea4]" started-at="2022-08-16T12:07:37 EDT" name="loginTest" finished-at="2022-08-16T12:07:37 EDT" duration-ms="0" status="PASS">
          <reporter-output>
          </reporter-output>
        </test-method> <!-- loginTest -->
        <test-method signature="homePageTest()[pri:0, instance:com.test.TestNgFeatures@3ee0fea4]" started-at="2022-08-16T12:07:37 EDT" name="homePageTest" finished-at="2022-08-16T12:07:37 EDT" depends-on-methods="com.test.TestNgFeatures.loginTest" duration-ms="0" status="PASS">
          <reporter-output>
          </reporter-output>
        </test-method> <!-- homePageTest -->
        <test-method signature="regPageTest()[pri:0, instance:com.test.TestNgFeatures@3ee0fea4]" started-at="2022-08-16T12:07:37 EDT" name="regPageTest" finished-at="2022-08-16T12:07:37 EDT" depends-on-methods="com.test.TestNgFeatures.loginTest" duration-ms="0" status="PASS">
          <reporter-output>
          </reporter-output>
        </test-method> <!-- regPageTest -->
        <test-method signature="searchPageTest()[pri:0, instance:com.test.TestNgFeatures@3ee0fea4]" started-at="2022-08-16T12:07:37 EDT" name="searchPageTest" finished-at="2022-08-16T12:07:37 EDT" depends-on-methods="com.test.TestNgFeatures.loginTest" duration-ms="0" status="PASS">
          <reporter-output>
          </reporter-output>
        </test-method> <!-- searchPageTest -->
      </class> <!-- com.test.TestNgFeatures -->
      <class name="com.test.TestNgBasics">
        <test-method is-config="true" signature="setUp()[pri:0, instance:com.test.TestNgBasics@14ec4505]" started-at="2022-08-16T12:07:22 EDT" name="setUp" finished-at="2022-08-16T12:07:22 EDT" duration-ms="16" status="PASS">
          <reporter-output>
          </reporter-output>
        </test-method> <!-- setUp -->
        <test-method is-config="true" signature="launchBrowser()[pri:0, instance:com.test.TestNgBasics@14ec4505]" started-at="2022-08-16T12:07:22 EDT" name="launchBrowser" finished-at="2022-08-16T12:07:22 EDT" duration-ms="0" status="PASS">
          <reporter-output>
          </reporter-output>
        </test-method> <!-- launchBrowser -->
        <test-method signature="googleLogoTest()[pri:0, instance:com.test.TestNgBasics@14ec4505]" started-at="2022-08-16T12:07:37 EDT" name="googleLogoTest" finished-at="2022-08-16T12:07:37 EDT" duration-ms="0" status="PASS">
          <reporter-output>
          </reporter-output>
        </test-method> <!-- googleLogoTest -->
        <test-method signature="googleTitleTest()[pri:0, instance:com.test.TestNgBasics@14ec4505]" started-at="2022-08-16T12:07:37 EDT" name="googleTitleTest" finished-at="2022-08-16T12:07:37 EDT" duration-ms="0" status="PASS">
          <reporter-output>
          </reporter-output>
        </test-method> <!-- googleTitleTest -->
        <test-method is-config="true" signature="enterURL()[pri:0, instance:com.test.TestNgBasics@14ec4505]" started-at="2022-08-16T12:07:37 EDT" name="enterURL" finished-at="2022-08-16T12:07:37 EDT" duration-ms="0" status="PASS">
          <reporter-output>
          </reporter-output>
        </test-method> <!-- enterURL -->
        <test-method is-config="true" signature="logOut()[pri:0, instance:com.test.TestNgBasics@14ec4505]" started-at="2022-08-16T12:07:37 EDT" name="logOut" finished-at="2022-08-16T12:07:37 EDT" duration-ms="0" status="PASS">
          <reporter-output>
          </reporter-output>
        </test-method> <!-- logOut -->
        <test-method is-config="true" signature="logOut()[pri:0, instance:com.test.TestNgBasics@14ec4505]" started-at="2022-08-16T12:07:37 EDT" name="logOut" finished-at="2022-08-16T12:07:37 EDT" duration-ms="0" status="PASS">
          <reporter-output>
          </reporter-output>
        </test-method> <!-- logOut -->
        <test-method is-config="true" signature="login()[pri:0, instance:com.test.TestNgBasics@14ec4505]" started-at="2022-08-16T12:07:37 EDT" name="login" finished-at="2022-08-16T12:07:37 EDT" duration-ms="0" status="PASS">
          <reporter-output>
          </reporter-output>
        </test-method> <!-- login -->
        <test-method is-config="true" signature="enterURL()[pri:0, instance:com.test.TestNgBasics@14ec4505]" started-at="2022-08-16T12:07:37 EDT" name="enterURL" finished-at="2022-08-16T12:07:37 EDT" duration-ms="0" status="PASS">
          <reporter-output>
          </reporter-output>
        </test-method> <!-- enterURL -->
        <test-method is-config="true" signature="enterURL()[pri:0, instance:com.test.TestNgBasics@14ec4505]" started-at="2022-08-16T12:07:37 EDT" name="enterURL" finished-at="2022-08-16T12:07:37 EDT" duration-ms="0" status="PASS">
          <reporter-output>
          </reporter-output>
        </test-method> <!-- enterURL -->
        <test-method is-config="true" signature="logOut()[pri:0, instance:com.test.TestNgBasics@14ec4505]" started-at="2022-08-16T12:07:37 EDT" name="logOut" finished-at="2022-08-16T12:07:37 EDT" duration-ms="0" status="PASS">
          <reporter-output>
          </reporter-output>
        </test-method> <!-- logOut -->
        <test-method signature="searchTest()[pri:0, instance:com.test.TestNgBasics@14ec4505]" started-at="2022-08-16T12:07:37 EDT" name="searchTest" finished-at="2022-08-16T12:07:37 EDT" duration-ms="0" status="PASS">
          <reporter-output>
          </reporter-output>
        </test-method> <!-- searchTest -->
        <test-method is-config="true" signature="closeBrowser()[pri:0, instance:com.test.TestNgBasics@14ec4505]" started-at="2022-08-16T12:07:37 EDT" name="closeBrowser" finished-at="2022-08-16T12:07:37 EDT" duration-ms="0" status="PASS">
          <reporter-output>
          </reporter-output>
        </test-method> <!-- closeBrowser -->
        <test-method is-config="true" signature="deleteAllCookies()[pri:0, instance:com.test.TestNgBasics@14ec4505]" started-at="2022-08-16T12:07:37 EDT" name="deleteAllCookies" finished-at="2022-08-16T12:07:37 EDT" duration-ms="0" status="PASS">
          <reporter-output>
          </reporter-output>
        </test-method> <!-- deleteAllCookies -->
      </class> <!-- com.test.TestNgBasics -->
      <class name="com.test.ExceptionTimeOutTest">
        <test-method signature="test1()[pri:0, instance:com.test.ExceptionTimeOutTest@64c87930]" started-at="2022-08-16T12:07:22 EDT" name="test1" finished-at="2022-08-16T12:07:22 EDT" duration-ms="0" status="PASS">
          <exception class="java.lang.NumberFormatException">
            <message>
              <![CDATA[For input string: "100A"]]>
            </message>
            <full-stacktrace>
              <![CDATA[java.lang.NumberFormatException: For input string: "100A"
at java.base/java.lang.NumberFormatException.forInputString(NumberFormatException.java:67)
at java.base/java.lang.Integer.parseInt(Integer.java:668)
at java.base/java.lang.Integer.parseInt(Integer.java:784)
at com.test.ExceptionTimeOutTest.test1(ExceptionTimeOutTest.java:20)
at java.base/jdk.internal.reflect.DirectMethodHandleAccessor.invoke(DirectMethodHandleAccessor.java:104)
at java.base/java.lang.reflect.Method.invoke(Method.java:577)
at org.testng.internal.MethodInvocationHelper.invokeMethod(MethodInvocationHelper.java:133)
at org.testng.internal.TestInvoker.invokeMethod(TestInvoker.java:598)
at org.testng.internal.TestInvoker.invokeTestMethod(TestInvoker.java:173)
at org.testng.internal.MethodRunner.runInSequence(MethodRunner.java:46)
at org.testng.internal.TestInvoker$MethodInvocationAgent.invoke(TestInvoker.java:824)
at org.testng.internal.TestInvoker.invokeTestMethods(TestInvoker.java:146)
at org.testng.internal.TestMethodWorker.invokeTestMethods(TestMethodWorker.java:146)
at org.testng.internal.TestMethodWorker.run(TestMethodWorker.java:128)
at java.base/java.util.ArrayList.forEach(ArrayList.java:1511)
at org.testng.TestRunner.privateRun(TestRunner.java:794)
at org.testng.TestRunner.run(TestRunner.java:596)
at org.testng.SuiteRunner.runTest(SuiteRunner.java:377)
at org.testng.SuiteRunner.runSequentially(SuiteRunner.java:371)
at org.testng.SuiteRunner.privateRun(SuiteRunner.java:332)
at org.testng.SuiteRunner.run(SuiteRunner.java:276)
at org.testng.SuiteRunnerWorker.runSuite(SuiteRunnerWorker.java:53)
at org.testng.SuiteRunnerWorker.run(SuiteRunnerWorker.java:96)
at org.testng.TestNG.runSuitesSequentially(TestNG.java:1212)
at org.testng.TestNG.runSuitesLocally(TestNG.java:1134)
at org.testng.TestNG.runSuites(TestNG.java:1063)
at org.testng.TestNG.run(TestNG.java:1031)
at org.apache.maven.surefire.testng.TestNGExecutor.run(TestNGExecutor.java:77)
at org.apache.maven.surefire.testng.TestNGDirectoryTestSuite.executeMulti(TestNGDirectoryTestSuite.java:159)
at org.apache.maven.surefire.testng.TestNGDirectoryTestSuite.execute(TestNGDirectoryTestSuite.java:99)
at org.apache.maven.surefire.testng.TestNGProvider.invoke(TestNGProvider.java:106)
at java.base/jdk.internal.reflect.DirectMethodHandleAccessor.invoke(DirectMethodHandleAccessor.java:104)
at java.base/java.lang.reflect.Method.invoke(Method.java:577)
at org.apache.maven.surefire.util.ReflectionUtils.invokeMethodWithArray(ReflectionUtils.java:189)
at org.apache.maven.surefire.booter.ProviderFactory$ProviderProxy.invoke(ProviderFactory.java:165)
at org.apache.maven.surefire.booter.ProviderFactory.invokeProvider(ProviderFactory.java:85)
at org.apache.maven.surefire.booter.ForkedBooter.runSuitesInProcess(ForkedBooter.java:115)
at org.apache.maven.surefire.booter.ForkedBooter.main(ForkedBooter.java:75)
]]>
            </full-stacktrace>
          </exception> <!-- java.lang.NumberFormatException -->
          <reporter-output>
          </reporter-output>
        </test-method> <!-- test1 -->
      </class> <!-- com.test.ExceptionTimeOutTest -->
    </test> <!-- Command line test -->
  </suite> <!-- Command line suite -->
</testng-results>
